<?xml version="1.0"?>
<!DOCTYPE coverage SYSTEM "http://cobertura.sourceforge.net/xml/coverage-04.dtd">

<coverage line-rate="0.1476510067114094" branch-rate="0.15384615384615385" lines-covered="44" lines-valid="298" branches-covered="4" branches-valid="26" complexity="1.6363636363636365" version="2.1.1" timestamp="1460656301137">
	<sources>
		<source>/home/ville/projects/evoluutio/target/generated-sources/annotations</source>
		<source>--source</source>
		<source>/home/ville/projects/evoluutio/src/main/java</source>
	</sources>
	<packages>
		<package name="com.kodeiinia" line-rate="0.0" branch-rate="0.0" complexity="1.5">
			<classes>
				<class name="com.kodeiinia.EvolutionController" filename="com/kodeiinia/EvolutionController.java" line-rate="0.0" branch-rate="1.0" complexity="1.25">
					<methods>
						<method name="&lt;init&gt;" signature="(Lcom/mongodb/DB;)V" line-rate="0.0" branch-rate="1.0" complexity="0">
							<lines>
								<line number="19" hits="0" branch="false"/>
								<line number="20" hits="0" branch="false"/>
								<line number="21" hits="0" branch="false"/>
								<line number="22" hits="0" branch="false"/>
							</lines>
						</method>
						<method name="access$000" signature="(Lcom/kodeiinia/EvolutionController;)Lcom/kodeiinia/database/WorldDbService;" line-rate="0.0" branch-rate="1.0" complexity="0">
							<lines>
								<line number="15" hits="0" branch="false"/>
							</lines>
						</method>
						<method name="setupEndpoints" signature="()V" line-rate="0.0" branch-rate="1.0" complexity="0">
							<lines>
								<line number="25" hits="0" branch="false"/>
								<line number="42" hits="0" branch="false"/>
								<line number="61" hits="0" branch="false"/>
							</lines>
						</method>
					</methods>
					<lines>
						<line number="15" hits="0" branch="false"/>
						<line number="19" hits="0" branch="false"/>
						<line number="20" hits="0" branch="false"/>
						<line number="21" hits="0" branch="false"/>
						<line number="22" hits="0" branch="false"/>
						<line number="25" hits="0" branch="false"/>
						<line number="42" hits="0" branch="false"/>
						<line number="61" hits="0" branch="false"/>
					</lines>
				</class>
				<class name="com.kodeiinia.EvolutionController$1" filename="com/kodeiinia/EvolutionController.java" line-rate="0.0" branch-rate="0.0" complexity="1.25">
					<methods>
						<method name="&lt;init&gt;" signature="(Lcom/kodeiinia/EvolutionController;Ljava/lang/String;)V" line-rate="1.0" branch-rate="1.0" complexity="0">
							<lines>
							</lines>
						</method>
						<method name="handle" signature="(Lspark/Request;Lspark/Response;)Ljava/lang/Object;" line-rate="0.0" branch-rate="1.0" complexity="0">
							<lines>
								<line number="25" hits="0" branch="false"/>
							</lines>
						</method>
						<method name="handle" signature="(Lspark/Request;Lspark/Response;)Lspark/ModelAndView;" line-rate="0.0" branch-rate="0.0" complexity="0">
							<lines>
								<line number="28" hits="0" branch="false"/>
								<line number="29" hits="0" branch="false"/>
								<line number="31" hits="0" branch="true" condition-coverage="0% (0/2)">
									<conditions>
										<condition number="0" type="jump" coverage="0%"/>
									</conditions>
								</line>
								<line number="32" hits="0" branch="false"/>
								<line number="34" hits="0" branch="false"/>
								<line number="37" hits="0" branch="false"/>
								<line number="38" hits="0" branch="false"/>
							</lines>
						</method>
					</methods>
					<lines>
						<line number="25" hits="0" branch="false"/>
						<line number="28" hits="0" branch="false"/>
						<line number="29" hits="0" branch="false"/>
						<line number="31" hits="0" branch="true" condition-coverage="0% (0/2)">
							<conditions>
								<condition number="0" type="jump" coverage="0%"/>
							</conditions>
						</line>
						<line number="32" hits="0" branch="false"/>
						<line number="34" hits="0" branch="false"/>
						<line number="37" hits="0" branch="false"/>
						<line number="38" hits="0" branch="false"/>
					</lines>
				</class>
				<class name="com.kodeiinia.EvolutionController$2" filename="com/kodeiinia/EvolutionController.java" line-rate="0.0" branch-rate="1.0" complexity="1.25">
					<methods>
						<method name="&lt;init&gt;" signature="(Lcom/kodeiinia/EvolutionController;Ljava/lang/String;)V" line-rate="1.0" branch-rate="1.0" complexity="0">
							<lines>
							</lines>
						</method>
						<method name="handle" signature="(Lspark/Request;Lspark/Response;)Ljava/lang/Object;" line-rate="0.0" branch-rate="1.0" complexity="0">
							<lines>
								<line number="42" hits="0" branch="false"/>
							</lines>
						</method>
						<method name="handle" signature="(Lspark/Request;Lspark/Response;)Lspark/ModelAndView;" line-rate="0.0" branch-rate="1.0" complexity="0">
							<lines>
								<line number="45" hits="0" branch="false"/>
								<line number="46" hits="0" branch="false"/>
								<line number="47" hits="0" branch="false"/>
								<line number="48" hits="0" branch="false"/>
								<line number="51" hits="0" branch="false"/>
								<line number="53" hits="0" branch="false"/>
								<line number="55" hits="0" branch="false"/>
								<line number="57" hits="0" branch="false"/>
							</lines>
						</method>
					</methods>
					<lines>
						<line number="42" hits="0" branch="false"/>
						<line number="45" hits="0" branch="false"/>
						<line number="46" hits="0" branch="false"/>
						<line number="47" hits="0" branch="false"/>
						<line number="48" hits="0" branch="false"/>
						<line number="51" hits="0" branch="false"/>
						<line number="53" hits="0" branch="false"/>
						<line number="55" hits="0" branch="false"/>
						<line number="57" hits="0" branch="false"/>
					</lines>
				</class>
				<class name="com.kodeiinia.Main" filename="com/kodeiinia/Main.java" line-rate="0.0" branch-rate="1.0" complexity="2.0">
					<methods>
						<method name="&lt;clinit&gt;" signature="()V" line-rate="0.0" branch-rate="1.0" complexity="0">
							<lines>
								<line number="9" hits="0" branch="false"/>
							</lines>
						</method>
						<method name="&lt;init&gt;" signature="()V" line-rate="0.0" branch-rate="1.0" complexity="0">
							<lines>
								<line number="7" hits="0" branch="false"/>
							</lines>
						</method>
						<method name="main" signature="([Ljava/lang/String;)V" line-rate="0.0" branch-rate="1.0" complexity="0">
							<lines>
								<line number="14" hits="0" branch="false"/>
								<line number="15" hits="0" branch="false"/>
								<line number="17" hits="0" branch="false"/>
							</lines>
						</method>
						<method name="setDb" signature="()Lcom/mongodb/DB;" line-rate="0.0" branch-rate="1.0" complexity="0">
							<lines>
								<line number="23" hits="0" branch="false"/>
								<line number="24" hits="0" branch="false"/>
								<line number="25" hits="0" branch="false"/>
								<line number="26" hits="0" branch="false"/>
								<line number="27" hits="0" branch="false"/>
								<line number="28" hits="0" branch="false"/>
								<line number="29" hits="0" branch="false"/>
							</lines>
						</method>
					</methods>
					<lines>
						<line number="7" hits="0" branch="false"/>
						<line number="9" hits="0" branch="false"/>
						<line number="14" hits="0" branch="false"/>
						<line number="15" hits="0" branch="false"/>
						<line number="17" hits="0" branch="false"/>
						<line number="23" hits="0" branch="false"/>
						<line number="24" hits="0" branch="false"/>
						<line number="25" hits="0" branch="false"/>
						<line number="26" hits="0" branch="false"/>
						<line number="27" hits="0" branch="false"/>
						<line number="28" hits="0" branch="false"/>
						<line number="29" hits="0" branch="false"/>
					</lines>
				</class>
			</classes>
		</package>
		<package name="com.kodeiinia.admin" line-rate="0.0" branch-rate="0.0" complexity="1.1428571428571428">
			<classes>
				<class name="com.kodeiinia.admin.AdminController" filename="com/kodeiinia/admin/AdminController.java" line-rate="0.0" branch-rate="1.0" complexity="1.1428571428571428">
					<methods>
						<method name="&lt;init&gt;" signature="(Lcom/mongodb/DB;)V" line-rate="0.0" branch-rate="1.0" complexity="0">
							<lines>
								<line number="20" hits="0" branch="false"/>
								<line number="21" hits="0" branch="false"/>
								<line number="22" hits="0" branch="false"/>
								<line number="24" hits="0" branch="false"/>
								<line number="26" hits="0" branch="false"/>
								<line number="28" hits="0" branch="false"/>
								<line number="29" hits="0" branch="false"/>
								<line number="30" hits="0" branch="false"/>
								<line number="31" hits="0" branch="false"/>
								<line number="32" hits="0" branch="false"/>
								<line number="33" hits="0" branch="false"/>
								<line number="34" hits="0" branch="false"/>
								<line number="35" hits="0" branch="false"/>
							</lines>
						</method>
						<method name="access$000" signature="()Lcom/kodeiinia/database/AdminMongoDao;" line-rate="1.0" branch-rate="1.0" complexity="0">
							<lines>
							</lines>
						</method>
						<method name="access$100" signature="(Lcom/kodeiinia/admin/AdminController;)[Ljava/lang/String;" line-rate="1.0" branch-rate="1.0" complexity="0">
							<lines>
							</lines>
						</method>
						<method name="access$200" signature="(Lcom/kodeiinia/admin/AdminController;[Ljava/lang/String;)Ljava/lang/String;" line-rate="1.0" branch-rate="1.0" complexity="0">
							<lines>
							</lines>
						</method>
						<method name="access$300" signature="(Lcom/kodeiinia/admin/AdminController;[Ljava/lang/String;)Ljava/lang/String;" line-rate="1.0" branch-rate="1.0" complexity="0">
							<lines>
							</lines>
						</method>
						<method name="access$400" signature="(Lcom/kodeiinia/admin/AdminController;)[Ljava/lang/String;" line-rate="0.0" branch-rate="1.0" complexity="0">
							<lines>
								<line number="15" hits="0" branch="false"/>
							</lines>
						</method>
						<method name="getLink" signature="([Ljava/lang/String;)Ljava/lang/String;" line-rate="0.0" branch-rate="1.0" complexity="0">
							<lines>
								<line number="38" hits="0" branch="false"/>
								<line number="40" hits="0" branch="false"/>
							</lines>
						</method>
						<method name="getName" signature="([Ljava/lang/String;)Ljava/lang/String;" line-rate="0.0" branch-rate="1.0" complexity="0">
							<lines>
								<line number="44" hits="0" branch="false"/>
								<line number="45" hits="0" branch="false"/>
							</lines>
						</method>
						<method name="setupEndpoints" signature="()V" line-rate="0.0" branch-rate="1.0" complexity="0">
							<lines>
								<line number="50" hits="0" branch="false"/>
								<line number="69" hits="0" branch="false"/>
								<line number="84" hits="0" branch="false"/>
								<line number="104" hits="0" branch="false"/>
							</lines>
						</method>
					</methods>
					<lines>
						<line number="15" hits="0" branch="false"/>
						<line number="20" hits="0" branch="false"/>
						<line number="21" hits="0" branch="false"/>
						<line number="22" hits="0" branch="false"/>
						<line number="24" hits="0" branch="false"/>
						<line number="26" hits="0" branch="false"/>
						<line number="28" hits="0" branch="false"/>
						<line number="29" hits="0" branch="false"/>
						<line number="30" hits="0" branch="false"/>
						<line number="31" hits="0" branch="false"/>
						<line number="32" hits="0" branch="false"/>
						<line number="33" hits="0" branch="false"/>
						<line number="34" hits="0" branch="false"/>
						<line number="35" hits="0" branch="false"/>
						<line number="38" hits="0" branch="false"/>
						<line number="40" hits="0" branch="false"/>
						<line number="44" hits="0" branch="false"/>
						<line number="45" hits="0" branch="false"/>
						<line number="50" hits="0" branch="false"/>
						<line number="69" hits="0" branch="false"/>
						<line number="84" hits="0" branch="false"/>
						<line number="104" hits="0" branch="false"/>
					</lines>
				</class>
				<class name="com.kodeiinia.admin.AdminController$1" filename="com/kodeiinia/admin/AdminController.java" line-rate="0.0" branch-rate="1.0" complexity="1.1428571428571428">
					<methods>
						<method name="&lt;init&gt;" signature="(Lcom/kodeiinia/admin/AdminController;Ljava/lang/String;)V" line-rate="1.0" branch-rate="1.0" complexity="0">
							<lines>
							</lines>
						</method>
						<method name="handle" signature="(Lspark/Request;Lspark/Response;)Ljava/lang/Object;" line-rate="0.0" branch-rate="1.0" complexity="0">
							<lines>
								<line number="50" hits="0" branch="false"/>
							</lines>
						</method>
						<method name="handle" signature="(Lspark/Request;Lspark/Response;)Lspark/ModelAndView;" line-rate="0.0" branch-rate="1.0" complexity="0">
							<lines>
								<line number="55" hits="0" branch="false"/>
								<line number="56" hits="0" branch="false"/>
								<line number="58" hits="0" branch="false"/>
								<line number="59" hits="0" branch="false"/>
								<line number="60" hits="0" branch="false"/>
								<line number="61" hits="0" branch="false"/>
								<line number="62" hits="0" branch="false"/>
								<line number="63" hits="0" branch="false"/>
								<line number="64" hits="0" branch="false"/>
							</lines>
						</method>
					</methods>
					<lines>
						<line number="50" hits="0" branch="false"/>
						<line number="55" hits="0" branch="false"/>
						<line number="56" hits="0" branch="false"/>
						<line number="58" hits="0" branch="false"/>
						<line number="59" hits="0" branch="false"/>
						<line number="60" hits="0" branch="false"/>
						<line number="61" hits="0" branch="false"/>
						<line number="62" hits="0" branch="false"/>
						<line number="63" hits="0" branch="false"/>
						<line number="64" hits="0" branch="false"/>
					</lines>
				</class>
				<class name="com.kodeiinia.admin.AdminController$2" filename="com/kodeiinia/admin/AdminController.java" line-rate="0.0" branch-rate="1.0" complexity="1.1428571428571428">
					<methods>
						<method name="&lt;init&gt;" signature="(Lcom/kodeiinia/admin/AdminController;Ljava/lang/String;)V" line-rate="1.0" branch-rate="1.0" complexity="0">
							<lines>
							</lines>
						</method>
						<method name="handle" signature="(Lspark/Request;Lspark/Response;)Ljava/lang/Object;" line-rate="0.0" branch-rate="1.0" complexity="0">
							<lines>
								<line number="69" hits="0" branch="false"/>
							</lines>
						</method>
						<method name="handle" signature="(Lspark/Request;Lspark/Response;)Lspark/ModelAndView;" line-rate="0.0" branch-rate="1.0" complexity="0">
							<lines>
								<line number="74" hits="0" branch="false"/>
								<line number="76" hits="0" branch="false"/>
								<line number="77" hits="0" branch="false"/>
								<line number="78" hits="0" branch="false"/>
								<line number="79" hits="0" branch="false"/>
								<line number="80" hits="0" branch="false"/>
							</lines>
						</method>
					</methods>
					<lines>
						<line number="69" hits="0" branch="false"/>
						<line number="74" hits="0" branch="false"/>
						<line number="76" hits="0" branch="false"/>
						<line number="77" hits="0" branch="false"/>
						<line number="78" hits="0" branch="false"/>
						<line number="79" hits="0" branch="false"/>
						<line number="80" hits="0" branch="false"/>
					</lines>
				</class>
				<class name="com.kodeiinia.admin.AdminController$3" filename="com/kodeiinia/admin/AdminController.java" line-rate="0.0" branch-rate="0.0" complexity="1.1428571428571428">
					<methods>
						<method name="&lt;init&gt;" signature="(Lcom/kodeiinia/admin/AdminController;Ljava/lang/String;)V" line-rate="1.0" branch-rate="1.0" complexity="0">
							<lines>
							</lines>
						</method>
						<method name="handle" signature="(Lspark/Request;Lspark/Response;)Ljava/lang/Object;" line-rate="0.0" branch-rate="1.0" complexity="0">
							<lines>
								<line number="84" hits="0" branch="false"/>
							</lines>
						</method>
						<method name="handle" signature="(Lspark/Request;Lspark/Response;)Lspark/ModelAndView;" line-rate="0.0" branch-rate="0.0" complexity="0">
							<lines>
								<line number="89" hits="0" branch="false"/>
								<line number="90" hits="0" branch="false"/>
								<line number="92" hits="0" branch="false"/>
								<line number="93" hits="0" branch="true" condition-coverage="0% (0/2)">
									<conditions>
										<condition number="0" type="jump" coverage="0%"/>
									</conditions>
								</line>
								<line number="94" hits="0" branch="false"/>
								<line number="97" hits="0" branch="false"/>
								<line number="98" hits="0" branch="false"/>
								<line number="99" hits="0" branch="false"/>
							</lines>
						</method>
					</methods>
					<lines>
						<line number="84" hits="0" branch="false"/>
						<line number="89" hits="0" branch="false"/>
						<line number="90" hits="0" branch="false"/>
						<line number="92" hits="0" branch="false"/>
						<line number="93" hits="0" branch="true" condition-coverage="0% (0/2)">
							<conditions>
								<condition number="0" type="jump" coverage="0%"/>
							</conditions>
						</line>
						<line number="94" hits="0" branch="false"/>
						<line number="97" hits="0" branch="false"/>
						<line number="98" hits="0" branch="false"/>
						<line number="99" hits="0" branch="false"/>
					</lines>
				</class>
			</classes>
		</package>
		<package name="com.kodeiinia.database" line-rate="0.20454545454545456" branch-rate="0.18181818181818182" complexity="2.085714285714286">
			<classes>
				<class name="com.kodeiinia.database.AdminMongoDao" filename="com/kodeiinia/database/AdminMongoDao.java" line-rate="0.5813953488372093" branch-rate="1.0" complexity="2.0">
					<methods>
						<method name="&lt;init&gt;" signature="()V" line-rate="0.0" branch-rate="1.0" complexity="0">
							<lines>
								<line number="33" hits="0" branch="false"/>
								<line number="37" hits="0" branch="false"/>
								<line number="39" hits="0" branch="false"/>
								<line number="40" hits="0" branch="false"/>
								<line number="41" hits="0" branch="false"/>
								<line number="42" hits="0" branch="false"/>
								<line number="43" hits="0" branch="false"/>
								<line number="44" hits="0" branch="false"/>
								<line number="45" hits="0" branch="false"/>
								<line number="46" hits="0" branch="false"/>
								<line number="47" hits="0" branch="false"/>
								<line number="48" hits="0" branch="false"/>
							</lines>
						</method>
						<method name="&lt;init&gt;" signature="(Lcom/mongodb/DB;)V" line-rate="0.8571428571428571" branch-rate="1.0" complexity="0">
							<lines>
								<line number="17" hits="4" branch="false"/>
								<line number="19" hits="4" branch="false"/>
								<line number="20" hits="4" branch="false"/>
								<line number="21" hits="4" branch="false"/>
								<line number="22" hits="4" branch="false"/>
								<line number="23" hits="4" branch="false"/>
								<line number="24" hits="4" branch="false"/>
								<line number="25" hits="4" branch="false"/>
								<line number="26" hits="4" branch="false"/>
								<line number="27" hits="4" branch="false"/>
								<line number="28" hits="0" branch="false"/>
								<line number="29" hits="0" branch="false"/>
								<line number="30" hits="4" branch="false"/>
								<line number="31" hits="4" branch="false"/>
							</lines>
						</method>
						<method name="clearDb" signature="()Z" line-rate="0.4" branch-rate="1.0" complexity="0">
							<lines>
								<line number="72" hits="2" branch="false"/>
								<line number="73" hits="2" branch="false"/>
								<line number="74" hits="0" branch="false"/>
								<line number="75" hits="0" branch="false"/>
								<line number="76" hits="0" branch="false"/>
							</lines>
						</method>
						<method name="collectionExists" signature="(Ljava/lang/String;)Z" line-rate="1.0" branch-rate="1.0" complexity="0">
							<lines>
								<line number="59" hits="7" branch="true" condition-coverage="100% (2/2)">
									<conditions>
										<condition number="0" type="jump" coverage="100%"/>
									</conditions>
								</line>
								<line number="60" hits="2" branch="false"/>
								<line number="62" hits="5" branch="false"/>
							</lines>
						</method>
						<method name="createTestData" signature="()Z" line-rate="1.0" branch-rate="1.0" complexity="0">
							<lines>
								<line number="82" hits="7" branch="true" condition-coverage="100% (2/2)">
									<conditions>
										<condition number="0" type="jump" coverage="100%"/>
									</conditions>
								</line>
								<line number="83" hits="2" branch="false"/>
								<line number="84" hits="2" branch="false"/>
								<line number="86" hits="5" branch="false"/>
								<line number="87" hits="5" branch="false"/>
								<line number="88" hits="5" branch="false"/>
							</lines>
						</method>
						<method name="getAllCollectionNames" signature="()Ljava/util/Set;" line-rate="0.0" branch-rate="1.0" complexity="0">
							<lines>
								<line number="51" hits="0" branch="false"/>
							</lines>
						</method>
						<method name="getDb" signature="()Lcom/mongodb/DB;" line-rate="1.0" branch-rate="1.0" complexity="0">
							<lines>
								<line number="67" hits="1" branch="false"/>
							</lines>
						</method>
						<method name="getNumberOfCollections" signature="()I" line-rate="1.0" branch-rate="1.0" complexity="0">
							<lines>
								<line number="55" hits="1" branch="false"/>
							</lines>
						</method>
					</methods>
					<lines>
						<line number="17" hits="4" branch="false"/>
						<line number="19" hits="4" branch="false"/>
						<line number="20" hits="4" branch="false"/>
						<line number="21" hits="4" branch="false"/>
						<line number="22" hits="4" branch="false"/>
						<line number="23" hits="4" branch="false"/>
						<line number="24" hits="4" branch="false"/>
						<line number="25" hits="4" branch="false"/>
						<line number="26" hits="4" branch="false"/>
						<line number="27" hits="4" branch="false"/>
						<line number="28" hits="0" branch="false"/>
						<line number="29" hits="0" branch="false"/>
						<line number="30" hits="4" branch="false"/>
						<line number="31" hits="4" branch="false"/>
						<line number="33" hits="0" branch="false"/>
						<line number="37" hits="0" branch="false"/>
						<line number="39" hits="0" branch="false"/>
						<line number="40" hits="0" branch="false"/>
						<line number="41" hits="0" branch="false"/>
						<line number="42" hits="0" branch="false"/>
						<line number="43" hits="0" branch="false"/>
						<line number="44" hits="0" branch="false"/>
						<line number="45" hits="0" branch="false"/>
						<line number="46" hits="0" branch="false"/>
						<line number="47" hits="0" branch="false"/>
						<line number="48" hits="0" branch="false"/>
						<line number="51" hits="0" branch="false"/>
						<line number="55" hits="1" branch="false"/>
						<line number="59" hits="7" branch="true" condition-coverage="100% (2/2)">
							<conditions>
								<condition number="0" type="jump" coverage="100%"/>
							</conditions>
						</line>
						<line number="60" hits="2" branch="false"/>
						<line number="62" hits="5" branch="false"/>
						<line number="67" hits="1" branch="false"/>
						<line number="72" hits="2" branch="false"/>
						<line number="73" hits="2" branch="false"/>
						<line number="74" hits="0" branch="false"/>
						<line number="75" hits="0" branch="false"/>
						<line number="76" hits="0" branch="false"/>
						<line number="82" hits="7" branch="true" condition-coverage="100% (2/2)">
							<conditions>
								<condition number="0" type="jump" coverage="100%"/>
							</conditions>
						</line>
						<line number="83" hits="2" branch="false"/>
						<line number="84" hits="2" branch="false"/>
						<line number="86" hits="5" branch="false"/>
						<line number="87" hits="5" branch="false"/>
						<line number="88" hits="5" branch="false"/>
					</lines>
				</class>
				<class name="com.kodeiinia.database.SpeciesDbService" filename="com/kodeiinia/database/SpeciesDbService.java" line-rate="1.0" branch-rate="1.0" complexity="1.0">
					<methods>
					</methods>
					<lines>
					</lines>
				</class>
				<class name="com.kodeiinia.database.SpeciesMongoDao" filename="com/kodeiinia/database/SpeciesMongoDao.java" line-rate="0.0" branch-rate="0.0" complexity="3.0">
					<methods>
						<method name="&lt;init&gt;" signature="()V" line-rate="0.0" branch-rate="1.0" complexity="0">
							<lines>
								<line number="19" hits="0" branch="false"/>
								<line number="23" hits="0" branch="false"/>
								<line number="25" hits="0" branch="false"/>
								<line number="26" hits="0" branch="false"/>
								<line number="28" hits="0" branch="false"/>
								<line number="29" hits="0" branch="false"/>
								<line number="30" hits="0" branch="false"/>
								<line number="31" hits="0" branch="false"/>
								<line number="32" hits="0" branch="false"/>
							</lines>
						</method>
						<method name="create" signature="(Lcom/kodeiinia/gamelogic/Species;)Ljava/lang/Boolean;" line-rate="0.0" branch-rate="1.0" complexity="0">
							<lines>
								<line number="37" hits="0" branch="false"/>
								<line number="38" hits="0" branch="false"/>
								<line number="39" hits="0" branch="false"/>
								<line number="40" hits="0" branch="false"/>
								<line number="42" hits="0" branch="false"/>
								<line number="44" hits="0" branch="false"/>
							</lines>
						</method>
						<method name="create" signature="(Ljava/lang/Object;)Ljava/lang/Boolean;" line-rate="0.0" branch-rate="1.0" complexity="0">
							<lines>
								<line number="15" hits="0" branch="false"/>
							</lines>
						</method>
						<method name="delete" signature="(I)Ljava/lang/Boolean;" line-rate="0.0" branch-rate="0.0" complexity="0">
							<lines>
								<line number="101" hits="0" branch="false"/>
								<line number="103" hits="0" branch="false"/>
								<line number="106" hits="0" branch="true" condition-coverage="0% (0/2)">
									<conditions>
										<condition number="0" type="jump" coverage="0%"/>
									</conditions>
								</line>
								<line number="108" hits="0" branch="false"/>
								<line number="110" hits="0" branch="false"/>
								<line number="112" hits="0" branch="false"/>
								<line number="115" hits="0" branch="false"/>
							</lines>
						</method>
						<method name="readOne" signature="(I)Lcom/kodeiinia/gamelogic/Species;" line-rate="0.0" branch-rate="0.0" complexity="0">
							<lines>
								<line number="51" hits="0" branch="false"/>
								<line number="53" hits="0" branch="false"/>
								<line number="56" hits="0" branch="true" condition-coverage="0% (0/2)">
									<conditions>
										<condition number="0" type="jump" coverage="0%"/>
									</conditions>
								</line>
								<line number="57" hits="0" branch="false"/>
								<line number="58" hits="0" branch="false"/>
								<line number="59" hits="0" branch="false"/>
								<line number="60" hits="0" branch="false"/>
								<line number="61" hits="0" branch="false"/>
								<line number="64" hits="0" branch="false"/>
								<line number="66" hits="0" branch="false"/>
								<line number="69" hits="0" branch="false"/>
							</lines>
						</method>
						<method name="readOne" signature="(I)Ljava/lang/Object;" line-rate="1.0" branch-rate="1.0" complexity="0">
							<lines>
							</lines>
						</method>
						<method name="update" signature="(ILjava/lang/String;I)Ljava/lang/Boolean;" line-rate="0.0" branch-rate="0.0" complexity="0">
							<lines>
								<line number="76" hits="0" branch="false"/>
								<line number="78" hits="0" branch="false"/>
								<line number="81" hits="0" branch="true" condition-coverage="0% (0/2)">
									<conditions>
										<condition number="0" type="jump" coverage="0%"/>
									</conditions>
								</line>
								<line number="82" hits="0" branch="false"/>
								<line number="84" hits="0" branch="false"/>
								<line number="85" hits="0" branch="false"/>
								<line number="87" hits="0" branch="false"/>
								<line number="88" hits="0" branch="false"/>
								<line number="89" hits="0" branch="false"/>
								<line number="91" hits="0" branch="false"/>
								<line number="92" hits="0" branch="false"/>
								<line number="95" hits="0" branch="false"/>
							</lines>
						</method>
					</methods>
					<lines>
						<line number="15" hits="0" branch="false"/>
						<line number="19" hits="0" branch="false"/>
						<line number="23" hits="0" branch="false"/>
						<line number="25" hits="0" branch="false"/>
						<line number="26" hits="0" branch="false"/>
						<line number="28" hits="0" branch="false"/>
						<line number="29" hits="0" branch="false"/>
						<line number="30" hits="0" branch="false"/>
						<line number="31" hits="0" branch="false"/>
						<line number="32" hits="0" branch="false"/>
						<line number="37" hits="0" branch="false"/>
						<line number="38" hits="0" branch="false"/>
						<line number="39" hits="0" branch="false"/>
						<line number="40" hits="0" branch="false"/>
						<line number="42" hits="0" branch="false"/>
						<line number="44" hits="0" branch="false"/>
						<line number="51" hits="0" branch="false"/>
						<line number="53" hits="0" branch="false"/>
						<line number="56" hits="0" branch="true" condition-coverage="0% (0/2)">
							<conditions>
								<condition number="0" type="jump" coverage="0%"/>
							</conditions>
						</line>
						<line number="57" hits="0" branch="false"/>
						<line number="58" hits="0" branch="false"/>
						<line number="59" hits="0" branch="false"/>
						<line number="60" hits="0" branch="false"/>
						<line number="61" hits="0" branch="false"/>
						<line number="64" hits="0" branch="false"/>
						<line number="66" hits="0" branch="false"/>
						<line number="69" hits="0" branch="false"/>
						<line number="76" hits="0" branch="false"/>
						<line number="78" hits="0" branch="false"/>
						<line number="81" hits="0" branch="true" condition-coverage="0% (0/2)">
							<conditions>
								<condition number="0" type="jump" coverage="0%"/>
							</conditions>
						</line>
						<line number="82" hits="0" branch="false"/>
						<line number="84" hits="0" branch="false"/>
						<line number="85" hits="0" branch="false"/>
						<line number="87" hits="0" branch="false"/>
						<line number="88" hits="0" branch="false"/>
						<line number="89" hits="0" branch="false"/>
						<line number="91" hits="0" branch="false"/>
						<line number="92" hits="0" branch="false"/>
						<line number="95" hits="0" branch="false"/>
						<line number="101" hits="0" branch="false"/>
						<line number="103" hits="0" branch="false"/>
						<line number="106" hits="0" branch="true" condition-coverage="0% (0/2)">
							<conditions>
								<condition number="0" type="jump" coverage="0%"/>
							</conditions>
						</line>
						<line number="108" hits="0" branch="false"/>
						<line number="110" hits="0" branch="false"/>
						<line number="112" hits="0" branch="false"/>
						<line number="115" hits="0" branch="false"/>
					</lines>
				</class>
				<class name="com.kodeiinia.database.UserDbService" filename="com/kodeiinia/database/UserDbService.java" line-rate="1.0" branch-rate="1.0" complexity="1.0">
					<methods>
					</methods>
					<lines>
					</lines>
				</class>
				<class name="com.kodeiinia.database.UserMongoDao" filename="com/kodeiinia/database/UserMongoDao.java" line-rate="0.0" branch-rate="0.0" complexity="3.0">
					<methods>
						<method name="&lt;init&gt;" signature="()V" line-rate="0.0" branch-rate="1.0" complexity="0">
							<lines>
								<line number="15" hits="0" branch="false"/>
								<line number="19" hits="0" branch="false"/>
								<line number="21" hits="0" branch="false"/>
								<line number="22" hits="0" branch="false"/>
								<line number="24" hits="0" branch="false"/>
								<line number="25" hits="0" branch="false"/>
								<line number="26" hits="0" branch="false"/>
								<line number="27" hits="0" branch="false"/>
								<line number="29" hits="0" branch="false"/>
							</lines>
						</method>
						<method name="create" signature="(Lcom/kodeiinia/users/User;)Ljava/lang/Boolean;" line-rate="0.0" branch-rate="1.0" complexity="0">
							<lines>
								<line number="34" hits="0" branch="false"/>
								<line number="35" hits="0" branch="false"/>
								<line number="36" hits="0" branch="false"/>
								<line number="38" hits="0" branch="false"/>
								<line number="39" hits="0" branch="false"/>
							</lines>
						</method>
						<method name="create" signature="(Ljava/lang/Object;)Ljava/lang/Boolean;" line-rate="0.0" branch-rate="1.0" complexity="0">
							<lines>
								<line number="11" hits="0" branch="false"/>
							</lines>
						</method>
						<method name="delete" signature="(I)Ljava/lang/Boolean;" line-rate="0.0" branch-rate="0.0" complexity="0">
							<lines>
								<line number="95" hits="0" branch="false"/>
								<line number="96" hits="0" branch="false"/>
								<line number="100" hits="0" branch="true" condition-coverage="0% (0/2)">
									<conditions>
										<condition number="0" type="jump" coverage="0%"/>
									</conditions>
								</line>
								<line number="101" hits="0" branch="false"/>
								<line number="102" hits="0" branch="false"/>
								<line number="104" hits="0" branch="false"/>
								<line number="108" hits="0" branch="false"/>
							</lines>
						</method>
						<method name="readOne" signature="(I)Lcom/kodeiinia/users/User;" line-rate="0.0" branch-rate="0.0" complexity="0">
							<lines>
								<line number="45" hits="0" branch="false"/>
								<line number="46" hits="0" branch="false"/>
								<line number="49" hits="0" branch="true" condition-coverage="0% (0/2)">
									<conditions>
										<condition number="0" type="jump" coverage="0%"/>
									</conditions>
								</line>
								<line number="50" hits="0" branch="false"/>
								<line number="51" hits="0" branch="false"/>
								<line number="52" hits="0" branch="false"/>
								<line number="53" hits="0" branch="false"/>
								<line number="54" hits="0" branch="false"/>
								<line number="56" hits="0" branch="false"/>
								<line number="58" hits="0" branch="false"/>
								<line number="62" hits="0" branch="false"/>
							</lines>
						</method>
						<method name="readOne" signature="(I)Ljava/lang/Object;" line-rate="1.0" branch-rate="1.0" complexity="0">
							<lines>
							</lines>
						</method>
						<method name="update" signature="(ILjava/lang/String;Ljava/lang/String;)Ljava/lang/Boolean;" line-rate="0.0" branch-rate="0.0" complexity="0">
							<lines>
								<line number="69" hits="0" branch="false"/>
								<line number="71" hits="0" branch="false"/>
								<line number="74" hits="0" branch="true" condition-coverage="0% (0/2)">
									<conditions>
										<condition number="0" type="jump" coverage="0%"/>
									</conditions>
								</line>
								<line number="75" hits="0" branch="false"/>
								<line number="77" hits="0" branch="false"/>
								<line number="78" hits="0" branch="false"/>
								<line number="80" hits="0" branch="false"/>
								<line number="81" hits="0" branch="false"/>
								<line number="82" hits="0" branch="false"/>
								<line number="84" hits="0" branch="false"/>
								<line number="85" hits="0" branch="false"/>
								<line number="88" hits="0" branch="false"/>
							</lines>
						</method>
					</methods>
					<lines>
						<line number="11" hits="0" branch="false"/>
						<line number="15" hits="0" branch="false"/>
						<line number="19" hits="0" branch="false"/>
						<line number="21" hits="0" branch="false"/>
						<line number="22" hits="0" branch="false"/>
						<line number="24" hits="0" branch="false"/>
						<line number="25" hits="0" branch="false"/>
						<line number="26" hits="0" branch="false"/>
						<line number="27" hits="0" branch="false"/>
						<line number="29" hits="0" branch="false"/>
						<line number="34" hits="0" branch="false"/>
						<line number="35" hits="0" branch="false"/>
						<line number="36" hits="0" branch="false"/>
						<line number="38" hits="0" branch="false"/>
						<line number="39" hits="0" branch="false"/>
						<line number="45" hits="0" branch="false"/>
						<line number="46" hits="0" branch="false"/>
						<line number="49" hits="0" branch="true" condition-coverage="0% (0/2)">
							<conditions>
								<condition number="0" type="jump" coverage="0%"/>
							</conditions>
						</line>
						<line number="50" hits="0" branch="false"/>
						<line number="51" hits="0" branch="false"/>
						<line number="52" hits="0" branch="false"/>
						<line number="53" hits="0" branch="false"/>
						<line number="54" hits="0" branch="false"/>
						<line number="56" hits="0" branch="false"/>
						<line number="58" hits="0" branch="false"/>
						<line number="62" hits="0" branch="false"/>
						<line number="69" hits="0" branch="false"/>
						<line number="71" hits="0" branch="false"/>
						<line number="74" hits="0" branch="true" condition-coverage="0% (0/2)">
							<conditions>
								<condition number="0" type="jump" coverage="0%"/>
							</conditions>
						</line>
						<line number="75" hits="0" branch="false"/>
						<line number="77" hits="0" branch="false"/>
						<line number="78" hits="0" branch="false"/>
						<line number="80" hits="0" branch="false"/>
						<line number="81" hits="0" branch="false"/>
						<line number="82" hits="0" branch="false"/>
						<line number="84" hits="0" branch="false"/>
						<line number="85" hits="0" branch="false"/>
						<line number="88" hits="0" branch="false"/>
						<line number="95" hits="0" branch="false"/>
						<line number="96" hits="0" branch="false"/>
						<line number="100" hits="0" branch="true" condition-coverage="0% (0/2)">
							<conditions>
								<condition number="0" type="jump" coverage="0%"/>
							</conditions>
						</line>
						<line number="101" hits="0" branch="false"/>
						<line number="102" hits="0" branch="false"/>
						<line number="104" hits="0" branch="false"/>
						<line number="108" hits="0" branch="false"/>
					</lines>
				</class>
				<class name="com.kodeiinia.database.WorldDbService" filename="com/kodeiinia/database/WorldDbService.java" line-rate="1.0" branch-rate="1.0" complexity="1.0">
					<methods>
					</methods>
					<lines>
					</lines>
				</class>
				<class name="com.kodeiinia.database.WorldMongoDao" filename="com/kodeiinia/database/WorldMongoDao.java" line-rate="0.2619047619047619" branch-rate="0.0" complexity="3.0">
					<methods>
						<method name="&lt;init&gt;" signature="(Lcom/mongodb/DB;)V" line-rate="0.7142857142857143" branch-rate="1.0" complexity="0">
							<lines>
								<line number="14" hits="4" branch="false"/>
								<line number="16" hits="4" branch="false"/>
								<line number="17" hits="4" branch="false"/>
								<line number="18" hits="0" branch="false"/>
								<line number="19" hits="0" branch="false"/>
								<line number="20" hits="4" branch="false"/>
								<line number="21" hits="4" branch="false"/>
							</lines>
						</method>
						<method name="create" signature="(Lcom/kodeiinia/gamelogic/World;)Ljava/lang/Boolean;" line-rate="1.0" branch-rate="1.0" complexity="0">
							<lines>
								<line number="27" hits="5" branch="false"/>
								<line number="28" hits="5" branch="false"/>
								<line number="29" hits="5" branch="false"/>
								<line number="33" hits="5" branch="false"/>
								<line number="34" hits="5" branch="false"/>
							</lines>
						</method>
						<method name="create" signature="(Ljava/lang/Object;)Ljava/lang/Boolean;" line-rate="1.0" branch-rate="1.0" complexity="0">
							<lines>
								<line number="9" hits="5" branch="false"/>
							</lines>
						</method>
						<method name="delete" signature="(I)Ljava/lang/Boolean;" line-rate="0.0" branch-rate="0.0" complexity="0">
							<lines>
								<line number="103" hits="0" branch="false"/>
								<line number="105" hits="0" branch="false"/>
								<line number="108" hits="0" branch="true" condition-coverage="0% (0/2)">
									<conditions>
										<condition number="0" type="jump" coverage="0%"/>
									</conditions>
								</line>
								<line number="110" hits="0" branch="false"/>
								<line number="112" hits="0" branch="false"/>
								<line number="114" hits="0" branch="false"/>
								<line number="117" hits="0" branch="false"/>
							</lines>
						</method>
						<method name="readOne" signature="(I)Lcom/kodeiinia/gamelogic/World;" line-rate="0.0" branch-rate="0.0" complexity="0">
							<lines>
								<line number="44" hits="0" branch="false"/>
								<line number="54" hits="0" branch="false"/>
								<line number="57" hits="0" branch="true" condition-coverage="0% (0/2)">
									<conditions>
										<condition number="0" type="jump" coverage="0%"/>
									</conditions>
								</line>
								<line number="58" hits="0" branch="false"/>
								<line number="59" hits="0" branch="false"/>
								<line number="60" hits="0" branch="false"/>
								<line number="61" hits="0" branch="false"/>
								<line number="62" hits="0" branch="false"/>
								<line number="65" hits="0" branch="false"/>
								<line number="67" hits="0" branch="false"/>
								<line number="70" hits="0" branch="false"/>
							</lines>
						</method>
						<method name="readOne" signature="(I)Ljava/lang/Object;" line-rate="1.0" branch-rate="1.0" complexity="0">
							<lines>
							</lines>
						</method>
						<method name="update" signature="(II)Ljava/lang/Boolean;" line-rate="0.0" branch-rate="0.0" complexity="0">
							<lines>
								<line number="79" hits="0" branch="false"/>
								<line number="81" hits="0" branch="false"/>
								<line number="84" hits="0" branch="true" condition-coverage="0% (0/2)">
									<conditions>
										<condition number="0" type="jump" coverage="0%"/>
									</conditions>
								</line>
								<line number="85" hits="0" branch="false"/>
								<line number="87" hits="0" branch="false"/>
								<line number="89" hits="0" branch="false"/>
								<line number="90" hits="0" branch="false"/>
								<line number="91" hits="0" branch="false"/>
								<line number="93" hits="0" branch="false"/>
								<line number="94" hits="0" branch="false"/>
								<line number="97" hits="0" branch="false"/>
							</lines>
						</method>
					</methods>
					<lines>
						<line number="9" hits="5" branch="false"/>
						<line number="14" hits="4" branch="false"/>
						<line number="16" hits="4" branch="false"/>
						<line number="17" hits="4" branch="false"/>
						<line number="18" hits="0" branch="false"/>
						<line number="19" hits="0" branch="false"/>
						<line number="20" hits="4" branch="false"/>
						<line number="21" hits="4" branch="false"/>
						<line number="27" hits="5" branch="false"/>
						<line number="28" hits="5" branch="false"/>
						<line number="29" hits="5" branch="false"/>
						<line number="33" hits="5" branch="false"/>
						<line number="34" hits="5" branch="false"/>
						<line number="44" hits="0" branch="false"/>
						<line number="54" hits="0" branch="false"/>
						<line number="57" hits="0" branch="true" condition-coverage="0% (0/2)">
							<conditions>
								<condition number="0" type="jump" coverage="0%"/>
							</conditions>
						</line>
						<line number="58" hits="0" branch="false"/>
						<line number="59" hits="0" branch="false"/>
						<line number="60" hits="0" branch="false"/>
						<line number="61" hits="0" branch="false"/>
						<line number="62" hits="0" branch="false"/>
						<line number="65" hits="0" branch="false"/>
						<line number="67" hits="0" branch="false"/>
						<line number="70" hits="0" branch="false"/>
						<line number="79" hits="0" branch="false"/>
						<line number="81" hits="0" branch="false"/>
						<line number="84" hits="0" branch="true" condition-coverage="0% (0/2)">
							<conditions>
								<condition number="0" type="jump" coverage="0%"/>
							</conditions>
						</line>
						<line number="85" hits="0" branch="false"/>
						<line number="87" hits="0" branch="false"/>
						<line number="89" hits="0" branch="false"/>
						<line number="90" hits="0" branch="false"/>
						<line number="91" hits="0" branch="false"/>
						<line number="93" hits="0" branch="false"/>
						<line number="94" hits="0" branch="false"/>
						<line number="97" hits="0" branch="false"/>
						<line number="103" hits="0" branch="false"/>
						<line number="105" hits="0" branch="false"/>
						<line number="108" hits="0" branch="true" condition-coverage="0% (0/2)">
							<conditions>
								<condition number="0" type="jump" coverage="0%"/>
							</conditions>
						</line>
						<line number="110" hits="0" branch="false"/>
						<line number="112" hits="0" branch="false"/>
						<line number="114" hits="0" branch="false"/>
						<line number="117" hits="0" branch="false"/>
					</lines>
				</class>
			</classes>
		</package>
		<package name="com.kodeiinia.gamelogic" line-rate="0.36363636363636365" branch-rate="1.0" complexity="1.0">
			<classes>
				<class name="com.kodeiinia.gamelogic.Species" filename="com/kodeiinia/gamelogic/Species.java" line-rate="0.0" branch-rate="1.0" complexity="1.0">
					<methods>
						<method name="&lt;init&gt;" signature="(ILjava/lang/String;I)V" line-rate="0.0" branch-rate="1.0" complexity="0">
							<lines>
								<line number="11" hits="0" branch="false"/>
								<line number="12" hits="0" branch="false"/>
								<line number="13" hits="0" branch="false"/>
								<line number="14" hits="0" branch="false"/>
								<line number="15" hits="0" branch="false"/>
							</lines>
						</method>
						<method name="getId" signature="()I" line-rate="0.0" branch-rate="1.0" complexity="0">
							<lines>
								<line number="18" hits="0" branch="false"/>
							</lines>
						</method>
						<method name="getName" signature="()Ljava/lang/String;" line-rate="0.0" branch-rate="1.0" complexity="0">
							<lines>
								<line number="22" hits="0" branch="false"/>
							</lines>
						</method>
						<method name="getNumberOfAnimals" signature="()I" line-rate="0.0" branch-rate="1.0" complexity="0">
							<lines>
								<line number="26" hits="0" branch="false"/>
							</lines>
						</method>
						<method name="setNumberOfAnimals" signature="(I)V" line-rate="0.0" branch-rate="1.0" complexity="0">
							<lines>
								<line number="30" hits="0" branch="false"/>
								<line number="31" hits="0" branch="false"/>
							</lines>
						</method>
						<method name="toString" signature="()Ljava/lang/String;" line-rate="0.0" branch-rate="1.0" complexity="0">
							<lines>
								<line number="35" hits="0" branch="false"/>
							</lines>
						</method>
					</methods>
					<lines>
						<line number="11" hits="0" branch="false"/>
						<line number="12" hits="0" branch="false"/>
						<line number="13" hits="0" branch="false"/>
						<line number="14" hits="0" branch="false"/>
						<line number="15" hits="0" branch="false"/>
						<line number="18" hits="0" branch="false"/>
						<line number="22" hits="0" branch="false"/>
						<line number="26" hits="0" branch="false"/>
						<line number="30" hits="0" branch="false"/>
						<line number="31" hits="0" branch="false"/>
						<line number="35" hits="0" branch="false"/>
					</lines>
				</class>
				<class name="com.kodeiinia.gamelogic.World" filename="com/kodeiinia/gamelogic/World.java" line-rate="0.7272727272727273" branch-rate="1.0" complexity="1.0">
					<methods>
						<method name="&lt;init&gt;" signature="(Ljava/lang/Integer;Ljava/lang/String;Ljava/lang/Integer;)V" line-rate="1.0" branch-rate="1.0" complexity="0">
							<lines>
								<line number="18" hits="5" branch="false"/>
								<line number="19" hits="5" branch="false"/>
								<line number="20" hits="5" branch="false"/>
								<line number="21" hits="5" branch="false"/>
								<line number="22" hits="5" branch="false"/>
							</lines>
						</method>
						<method name="getId" signature="()I" line-rate="1.0" branch-rate="1.0" complexity="0">
							<lines>
								<line number="30" hits="5" branch="false"/>
							</lines>
						</method>
						<method name="getTitle" signature="()Ljava/lang/String;" line-rate="1.0" branch-rate="1.0" complexity="0">
							<lines>
								<line number="40" hits="5" branch="false"/>
							</lines>
						</method>
						<method name="getTurn" signature="()I" line-rate="1.0" branch-rate="1.0" complexity="0">
							<lines>
								<line number="36" hits="5" branch="false"/>
							</lines>
						</method>
						<method name="increaseTurn" signature="()V" line-rate="0.0" branch-rate="1.0" complexity="0">
							<lines>
								<line number="25" hits="0" branch="false"/>
								<line number="27" hits="0" branch="false"/>
							</lines>
						</method>
						<method name="toString" signature="()Ljava/lang/String;" line-rate="0.0" branch-rate="1.0" complexity="0">
							<lines>
								<line number="46" hits="0" branch="false"/>
							</lines>
						</method>
					</methods>
					<lines>
						<line number="18" hits="5" branch="false"/>
						<line number="19" hits="5" branch="false"/>
						<line number="20" hits="5" branch="false"/>
						<line number="21" hits="5" branch="false"/>
						<line number="22" hits="5" branch="false"/>
						<line number="25" hits="0" branch="false"/>
						<line number="27" hits="0" branch="false"/>
						<line number="30" hits="5" branch="false"/>
						<line number="36" hits="5" branch="false"/>
						<line number="40" hits="5" branch="false"/>
						<line number="46" hits="0" branch="false"/>
					</lines>
				</class>
			</classes>
		</package>
		<package name="com.kodeiinia.users" line-rate="0.0" branch-rate="1.0" complexity="1.0">
			<classes>
				<class name="com.kodeiinia.users.User" filename="com/kodeiinia/users/User.java" line-rate="0.0" branch-rate="1.0" complexity="1.0">
					<methods>
						<method name="&lt;init&gt;" signature="(ILjava/lang/String;Ljava/lang/String;)V" line-rate="0.0" branch-rate="1.0" complexity="0">
							<lines>
								<line number="17" hits="0" branch="false"/>
								<line number="18" hits="0" branch="false"/>
								<line number="19" hits="0" branch="false"/>
								<line number="20" hits="0" branch="false"/>
								<line number="21" hits="0" branch="false"/>
							</lines>
						</method>
						<method name="&lt;init&gt;" signature="(Ljava/lang/String;Ljava/lang/String;)V" line-rate="0.0" branch-rate="1.0" complexity="0">
							<lines>
								<line number="10" hits="0" branch="false"/>
								<line number="11" hits="0" branch="false"/>
								<line number="12" hits="0" branch="false"/>
								<line number="13" hits="0" branch="false"/>
								<line number="14" hits="0" branch="false"/>
							</lines>
						</method>
						<method name="getId" signature="()I" line-rate="0.0" branch-rate="1.0" complexity="0">
							<lines>
								<line number="28" hits="0" branch="false"/>
							</lines>
						</method>
						<method name="getPassword" signature="()Ljava/lang/String;" line-rate="0.0" branch-rate="1.0" complexity="0">
							<lines>
								<line number="32" hits="0" branch="false"/>
							</lines>
						</method>
						<method name="getUsername" signature="()Ljava/lang/String;" line-rate="0.0" branch-rate="1.0" complexity="0">
							<lines>
								<line number="24" hits="0" branch="false"/>
							</lines>
						</method>
						<method name="setPassword" signature="(Ljava/lang/String;)V" line-rate="0.0" branch-rate="1.0" complexity="0">
							<lines>
								<line number="36" hits="0" branch="false"/>
								<line number="37" hits="0" branch="false"/>
							</lines>
						</method>
					</methods>
					<lines>
						<line number="10" hits="0" branch="false"/>
						<line number="11" hits="0" branch="false"/>
						<line number="12" hits="0" branch="false"/>
						<line number="13" hits="0" branch="false"/>
						<line number="14" hits="0" branch="false"/>
						<line number="17" hits="0" branch="false"/>
						<line number="18" hits="0" branch="false"/>
						<line number="19" hits="0" branch="false"/>
						<line number="20" hits="0" branch="false"/>
						<line number="21" hits="0" branch="false"/>
						<line number="24" hits="0" branch="false"/>
						<line number="28" hits="0" branch="false"/>
						<line number="32" hits="0" branch="false"/>
						<line number="36" hits="0" branch="false"/>
						<line number="37" hits="0" branch="false"/>
					</lines>
				</class>
			</classes>
		</package>
	</packages>
</coverage>
